[35m[1mScanning dependencies of target _ip200_msgs_generate_messages_check_deps_RobotMotor[0m
[  0%] Built target _ip200_msgs_generate_messages_check_deps_RobotMotor
[35m[1mScanning dependencies of target std_msgs_generate_messages_nodejs[0m
[  0%] Built target std_msgs_generate_messages_nodejs
[35m[1mScanning dependencies of target std_msgs_generate_messages_py[0m
[  0%] Built target std_msgs_generate_messages_py
[35m[1mScanning dependencies of target std_msgs_generate_messages_cpp[0m
[  0%] Built target std_msgs_generate_messages_cpp
[35m[1mScanning dependencies of target std_msgs_generate_messages_eus[0m
[  0%] Built target std_msgs_generate_messages_eus
[35m[1mScanning dependencies of target std_msgs_generate_messages_lisp[0m
[  0%] Built target std_msgs_generate_messages_lisp
[35m[1mScanning dependencies of target ip200_msgs_generate_messages_nodejs[0m
[ 14%] [34m[1mGenerating Javascript code from ip200_msgs/RobotMotor.msg[0m
[ 14%] Built target ip200_msgs_generate_messages_nodejs
[35m[1mScanning dependencies of target ip200_msgs_generate_messages_py[0m
[ 28%] [34m[1mGenerating Python from MSG ip200_msgs/RobotMotor[0m
[ 42%] [34m[1mGenerating Python msg __init__.py for ip200_msgs[0m
[ 42%] Built target ip200_msgs_generate_messages_py
[35m[1mScanning dependencies of target ip200_msgs_generate_messages_cpp[0m
[ 57%] [34m[1mGenerating C++ code from ip200_msgs/RobotMotor.msg[0m
[ 57%] Built target ip200_msgs_generate_messages_cpp
[35m[1mScanning dependencies of target ip200_msgs_generate_messages_eus[0m
[ 71%] [34m[1mGenerating EusLisp code from ip200_msgs/RobotMotor.msg[0m
[ 85%] [34m[1mGenerating EusLisp manifest code for ip200_msgs[0m
[ 85%] Built target ip200_msgs_generate_messages_eus
[35m[1mScanning dependencies of target ip200_msgs_generate_messages_lisp[0m
[100%] [34m[1mGenerating Lisp code from ip200_msgs/RobotMotor.msg[0m
[100%] Built target ip200_msgs_generate_messages_lisp
[35m[1mScanning dependencies of target ip200_msgs_generate_messages[0m
[100%] Built target ip200_msgs_generate_messages
