[35m[1mScanning dependencies of target gl_driver[0m
[  9%] [32mBuilding CXX object CMakeFiles/gl_driver.dir/include/gl_driver_libraries/gl_driver.cpp.o[0m
[ 18%] [32m[1mLinking CXX shared library /home/robo/catkin_ws/devel/.private/gl_ros_driver_udp/lib/libgl_driver.so[0m
[ 18%] Built target gl_driver
[35m[1mScanning dependencies of target udp[0m
[ 27%] [32mBuilding CXX object CMakeFiles/udp.dir/include/gl_driver_libraries/udp/udp.cpp.o[0m
[ 36%] [32m[1mLinking CXX shared library /home/robo/catkin_ws/devel/.private/gl_ros_driver_udp/lib/libudp.so[0m
[ 36%] Built target udp
[35m[1mScanning dependencies of target geometry_msgs_generate_messages_eus[0m
[ 36%] Built target geometry_msgs_generate_messages_eus
[35m[1mScanning dependencies of target rosgraph_msgs_generate_messages_eus[0m
[ 36%] Built target rosgraph_msgs_generate_messages_eus
[35m[1mScanning dependencies of target rosgraph_msgs_generate_messages_cpp[0m
[ 36%] Built target rosgraph_msgs_generate_messages_cpp
[35m[1mScanning dependencies of target roscpp_generate_messages_nodejs[0m
[ 36%] Built target roscpp_generate_messages_nodejs
[35m[1mScanning dependencies of target std_msgs_generate_messages_eus[0m
[ 36%] Built target std_msgs_generate_messages_eus
[35m[1mScanning dependencies of target geometry_msgs_generate_messages_lisp[0m
[ 36%] Built target geometry_msgs_generate_messages_lisp
[35m[1mScanning dependencies of target geometry_msgs_generate_messages_py[0m
[ 36%] Built target geometry_msgs_generate_messages_py
[35m[1mScanning dependencies of target sensor_msgs_generate_messages_py[0m
[ 36%] Built target sensor_msgs_generate_messages_py
[35m[1mScanning dependencies of target geometry_msgs_generate_messages_cpp[0m
[ 36%] Built target geometry_msgs_generate_messages_cpp
[35m[1mScanning dependencies of target geometry_msgs_generate_messages_nodejs[0m
[ 36%] Built target geometry_msgs_generate_messages_nodejs
[35m[1mScanning dependencies of target roscpp_generate_messages_eus[0m
[ 36%] Built target roscpp_generate_messages_eus
[35m[1mScanning dependencies of target sensor_msgs_generate_messages_lisp[0m
[ 36%] Built target sensor_msgs_generate_messages_lisp
[35m[1mScanning dependencies of target sensor_msgs_generate_messages_nodejs[0m
[ 36%] Built target sensor_msgs_generate_messages_nodejs
[35m[1mScanning dependencies of target roscpp_generate_messages_py[0m
[ 36%] Built target roscpp_generate_messages_py
[35m[1mScanning dependencies of target roscpp_generate_messages_cpp[0m
[ 36%] Built target roscpp_generate_messages_cpp
[35m[1mScanning dependencies of target sensor_msgs_generate_messages_eus[0m
[ 36%] Built target sensor_msgs_generate_messages_eus
[35m[1mScanning dependencies of target serial[0m
[ 45%] [32mBuilding CXX object CMakeFiles/serial.dir/include/gl_driver_libraries/serial/list_ports_linux.cc.o[0m
[ 54%] [32mBuilding CXX object CMakeFiles/serial.dir/include/gl_driver_libraries/serial/serial.cc.o[0m
[ 63%] [32mBuilding CXX object CMakeFiles/serial.dir/include/gl_driver_libraries/serial/unix.cc.o[0m
[ 72%] [32mBuilding CXX object CMakeFiles/serial.dir/include/gl_driver_libraries/serial/win.cc.o[0m
[ 81%] [32m[1mLinking CXX shared library /home/robo/catkin_ws/devel/.private/gl_ros_driver_udp/lib/libserial.so[0m
[35m[1mScanning dependencies of target rosgraph_msgs_generate_messages_py[0m
[ 81%] Built target rosgraph_msgs_generate_messages_py
[35m[1mScanning dependencies of target rosgraph_msgs_generate_messages_lisp[0m
[ 81%] Built target rosgraph_msgs_generate_messages_lisp
[ 81%] Built target serial
[35m[1mScanning dependencies of target std_msgs_generate_messages_lisp[0m
[35m[1mScanning dependencies of target roscpp_generate_messages_lisp[0m
[ 81%] Built target std_msgs_generate_messages_lisp
[ 81%] Built target roscpp_generate_messages_lisp
[35m[1mScanning dependencies of target rosgraph_msgs_generate_messages_nodejs[0m
[35m[1mScanning dependencies of target std_msgs_generate_messages_cpp[0m
[ 81%] Built target rosgraph_msgs_generate_messages_nodejs
[ 81%] Built target std_msgs_generate_messages_cpp
[35m[1mScanning dependencies of target std_msgs_generate_messages_py[0m
[ 81%] Built target std_msgs_generate_messages_py
[35m[1mScanning dependencies of target sensor_msgs_generate_messages_cpp[0m
[ 81%] Built target sensor_msgs_generate_messages_cpp
[35m[1mScanning dependencies of target std_msgs_generate_messages_nodejs[0m
[ 81%] Built target std_msgs_generate_messages_nodejs
[35m[1mScanning dependencies of target gl_ros_driver_udp_node[0m
[ 90%] [32mBuilding CXX object CMakeFiles/gl_ros_driver_udp_node.dir/src/gl_ros_driver_udp_node.cpp.o[0m
[100%] [32m[1mLinking CXX executable /home/robo/catkin_ws/devel/.private/gl_ros_driver_udp/lib/gl_ros_driver_udp/gl_ros_driver_udp_node[0m
[100%] Built target gl_ros_driver_udp_node
